=‾=‾=‾=‾=‾=‾=‾=‾=‾=‾=‾= PuTTY log 2026.07.18 15:04:55 =‾=‾=‾=‾=‾=‾=‾=‾=‾=‾=‾=

Switch#enable
Switch#terminal length 0
Switch#show clock
*00:05:20.511 UTC Mon Mar 1 1993
Switch#show version
Cisco IOS Software, C3560 Software (C3560-IPSERVICESK9-M), Version 12.2(55)SE11, RELEASE SOFTWARE (fc3)
Technical Support: http://www.cisco.com/techsupport
Copyright (c) 1986-2016 by Cisco Systems, Inc.
Compiled Wed 17-Aug-16 13:07 by prod_rel_team
Image text-base: 0x01000000, data-base: 0x02F00000

ROM: Bootstrap program is C3560 boot loader
BOOTLDR: C3560 Boot Loader (C3560-HBOOT-M) Version 12.2(44)SE5, RELEASE SOFTWARE (fc1)

Switch uptime is 5 minutes
System returned to ROM by power-on
System image file is "flash:/c3560-ipservicesk9-mz.122-55.SE11.bin"


This product contains cryptographic features and is subject to United
States and local country laws governing import, export, transfer and
use. Delivery of Cisco cryptographic products does not imply
third-party authority to import, export, distribute or use encryption.
Importers, exporters, distributors and users are responsible for
compliance with U.S. and local country laws. By using this product you
agree to comply with applicable laws and regulations. If you are unable
to comply with U.S. and local laws, return this product immediately.

A summary of U.S. laws governing Cisco cryptographic products may be found at:
http://www.cisco.com/wwl/export/crypto/tool/stqrg.html

If you require further assistance please contact us by sending email to
export@cisco.com.

cisco WS-C3560-48PS (PowerPC405) processor (revision N0) with 131072K bytes of memory.
Processor board ID <REDACTED>
Last reset from power-on
1 Virtual Ethernet interface
48 FastEthernet interfaces
4 Gigabit Ethernet interfaces
The password-recovery mechanism is enabled.

512K bytes of flash-simulated non-volatile configuration memory.
Base ethernet MAC Address       : <REDACTED>
Motherboard assembly number     : 73-9676-12
Power supply part number        : 341-0029-05
Motherboard serial number       : <REDACTED>
Power supply serial number      : <REDACTED>
Model revision number           : N0
Motherboard revision number     : B0
Model number                    : WS-C3560-48PS-S
System serial number            : <REDACTED>
SFP Module assembly part number : 73-7757-03
SFP Module revision Number      : A0
SFP Module serial number        : <REDACTED>
Top Assembly Part Number        : 800-25859-03
Top Assembly Revision Number    : J0
Version ID                      : V04
CLEI Code Number                : CNMV3N0CRC
Hardware Board Revision Number  : 0x01


Switch Ports Model              SW Version            SW Image                 
------ ----- -----              ----------            ----------               
*    1 52    WS-C3560-48PS      12.2(55)SE11          C3560-IPSERVICESK9-M     


Configuration register is 0xF

Switch#show inventory
NAME: "1", DESCR: "WS-C3560-48PS"
PID: WS-C3560-48PS-S   , VID: V04  , SN: <REDACTED>


Switch#show running-config
Building configuration...

Current configuration : 2005 bytes
!
version 12.2
no service pad
service timestamps debug datetime msec
service timestamps log datetime msec
no service password-encryption
!
hostname Switch
!
boot-start-marker
boot-end-marker
!
!
!
!
no aaa new-model
system mtu routing 1500
!
!
!
!
!
!
!
!
spanning-tree mode pvst
spanning-tree extend system-id
!
vlan internal allocation policy ascending
!
!
!
!
interface FastEthernet0/1
!
interface FastEthernet0/2
!
interface FastEthernet0/3
!
interface FastEthernet0/4
!
interface FastEthernet0/5
!
interface FastEthernet0/6
!
interface FastEthernet0/7
!
interface FastEthernet0/8
!
interface FastEthernet0/9
!
interface FastEthernet0/10
!
interface FastEthernet0/11
!
interface FastEthernet0/12
!
interface FastEthernet0/13
!
interface FastEthernet0/14
!
interface FastEthernet0/15
!
interface FastEthernet0/16
!
interface FastEthernet0/17
!
interface FastEthernet0/18
!
interface FastEthernet0/19
!
interface FastEthernet0/20
!
interface FastEthernet0/21
!
interface FastEthernet0/22
!
interface FastEthernet0/23
!
interface FastEthernet0/24
!
interface FastEthernet0/25
!
interface FastEthernet0/26
!
interface FastEthernet0/27
!
interface FastEthernet0/28
!
interface FastEthernet0/29
!
interface FastEthernet0/30
!
interface FastEthernet0/31
!
interface FastEthernet0/32
!
interface FastEthernet0/33
!
interface FastEthernet0/34
!
interface FastEthernet0/35
!
interface FastEthernet0/36
!
interface FastEthernet0/37
!
interface FastEthernet0/38
!
interface FastEthernet0/39
!
interface FastEthernet0/40
!
interface FastEthernet0/41
!
interface FastEthernet0/42
!
interface FastEthernet0/43
!
interface FastEthernet0/44
!
interface FastEthernet0/45
!
interface FastEthernet0/46
!
interface FastEthernet0/47
!
interface FastEthernet0/48
!
interface GigabitEthernet0/1
!
interface GigabitEthernet0/2
!
interface GigabitEthernet0/3
!
interface GigabitEthernet0/4
!
interface Vlan1
 no ip address
 shutdown
!
ip classless
ip http server
ip http secure-server
!
!
!
!
!
line con 0
line vty 5 15
!
end

Switch#show startup-config
startup-config is not present
Switch#show ip interface brief
Interface              IP-Address      OK? Method Status                Protocol
Vlan1                  unassigned      YES unset  administratively down down    
FastEthernet0/1        unassigned      YES unset  down                  down    
FastEthernet0/2        unassigned      YES unset  down                  down    
FastEthernet0/3        unassigned      YES unset  down                  down    
FastEthernet0/4        unassigned      YES unset  down                  down    
FastEthernet0/5        unassigned      YES unset  down                  down    
FastEthernet0/6        unassigned      YES unset  down                  down    
FastEthernet0/7        unassigned      YES unset  down                  down    
FastEthernet0/8        unassigned      YES unset  down                  down    
FastEthernet0/9        unassigned      YES unset  down                  down    
FastEthernet0/10       unassigned      YES unset  down                  down    
FastEthernet0/11       unassigned      YES unset  down                  down    
FastEthernet0/12       unassigned      YES unset  down                  down    
FastEthernet0/13       unassigned      YES unset  down                  down    
FastEthernet0/14       unassigned      YES unset  down                  down    
FastEthernet0/15       unassigned      YES unset  down                  down    
FastEthernet0/16       unassigned      YES unset  down                  down    
FastEthernet0/17       unassigned      YES unset  down                  down    
FastEthernet0/18       unassigned      YES unset  down                  down    
FastEthernet0/19       unassigned      YES unset  down                  down    
FastEthernet0/20       unassigned      YES unset  down                  down    
FastEthernet0/21       unassigned      YES unset  down                  down    
FastEthernet0/22       unassigned      YES unset  down                  down    
FastEthernet0/23       unassigned      YES unset  down                  down    
FastEthernet0/24       unassigned      YES unset  down                  down    
FastEthernet0/25       unassigned      YES unset  down                  down    
FastEthernet0/26       unassigned      YES unset  down                  down    
FastEthernet0/27       unassigned      YES unset  down                  down    
FastEthernet0/28       unassigned      YES unset  down                  down    
FastEthernet0/29       unassigned      YES unset  down                  down    
FastEthernet0/30       unassigned      YES unset  down                  down    
FastEthernet0/31       unassigned      YES unset  down                  down    
FastEthernet0/32       unassigned      YES unset  down                  down    
FastEthernet0/33       unassigned      YES unset  down                  down    
FastEthernet0/34       unassigned      YES unset  down                  down    
FastEthernet0/35       unassigned      YES unset  down                  down    
FastEthernet0/36       unassigned      YES unset  down                  down    
FastEthernet0/37       unassigned      YES unset  down                  down    
FastEthernet0/38       unassigned      YES unset  down                  down    
FastEthernet0/39       unassigned      YES unset  down                  down    
FastEthernet0/40       unassigned      YES unset  down                  down    
FastEthernet0/41       unassigned      YES unset  down                  down    
FastEthernet0/42       unassigned      YES unset  down                  down    
FastEthernet0/43       unassigned      YES unset  down                  down    
FastEthernet0/44       unassigned      YES unset  down                  down    
FastEthernet0/45       unassigned      YES unset  down                  down    
FastEthernet0/46       unassigned      YES unset  down                  down    
FastEthernet0/47       unassigned      YES unset  down                  down    
FastEthernet0/48       unassigned      YES unset  down                  down    
GigabitEthernet0/1     unassigned      YES unset  down                  down    
GigabitEthernet0/2     unassigned      YES unset  down                  down    
GigabitEthernet0/3     unassigned      YES unset  down                  down    
GigabitEthernet0/4     unassigned      YES unset  down                  down    
Switch#show cdp neighbors
Capability Codes: R - Router, T - Trans Bridge, B - Source Route Bridge
                  S - Switch, H - Host, I - IGMP, r - Repeater, P - Phone, 
                  D - Remote, C - CVTA, M - Two-port Mac Relay 

Device ID        Local Intrfce     Holdtme    Capability  Platform  Port ID
Switch#dir flash:
Directory of flash:/

    2  -rwx    12750172   Mar 1 1993 00:22:22 +00:00  c3560-ipservicesk9-mz.122-55.SE11.bin
    4  -rwx        1048   Mar 1 1993 00:01:12 +00:00  multiple-fs

15998976 bytes total (3246080 bytes free)
Switch#show interfaces status

Port      Name               Status       Vlan       Duplex  Speed Type
Fa0/1                        notconnect   1            auto   auto 10/100BaseTX
Fa0/2                        notconnect   1            auto   auto 10/100BaseTX
Fa0/3                        notconnect   1            auto   auto 10/100BaseTX
Fa0/4                        notconnect   1            auto   auto 10/100BaseTX
Fa0/5                        notconnect   1            auto   auto 10/100BaseTX
Fa0/6                        notconnect   1            auto   auto 10/100BaseTX
Fa0/7                        notconnect   1            auto   auto 10/100BaseTX
Fa0/8                        notconnect   1            auto   auto 10/100BaseTX
Fa0/9                        notconnect   1            auto   auto 10/100BaseTX
Fa0/10                       notconnect   1            auto   auto 10/100BaseTX
Fa0/11                       notconnect   1            auto   auto 10/100BaseTX
Fa0/12                       notconnect   1            auto   auto 10/100BaseTX
Fa0/13                       notconnect   1            auto   auto 10/100BaseTX
Fa0/14                       notconnect   1            auto   auto 10/100BaseTX
Fa0/15                       notconnect   1            auto   auto 10/100BaseTX
Fa0/16                       notconnect   1            auto   auto 10/100BaseTX
Fa0/17                       notconnect   1            auto   auto 10/100BaseTX
Fa0/18                       notconnect   1            auto   auto 10/100BaseTX
Fa0/19                       notconnect   1            auto   auto 10/100BaseTX
Fa0/20                       notconnect   1            auto   auto 10/100BaseTX
Fa0/21                       notconnect   1            auto   auto 10/100BaseTX
Fa0/22                       notconnect   1            auto   auto 10/100BaseTX
Fa0/23                       notconnect   1            auto   auto 10/100BaseTX
Fa0/24                       notconnect   1            auto   auto 10/100BaseTX
Fa0/25                       notconnect   1            auto   auto 10/100BaseTX
Fa0/26                       notconnect   1            auto   auto 10/100BaseTX
Fa0/27                       notconnect   1            auto   auto 10/100BaseTX
Fa0/28                       notconnect   1            auto   auto 10/100BaseTX
Fa0/29                       notconnect   1            auto   auto 10/100BaseTX
Fa0/30                       notconnect   1            auto   auto 10/100BaseTX
Fa0/31                       notconnect   1            auto   auto 10/100BaseTX
Fa0/32                       notconnect   1            auto   auto 10/100BaseTX
Fa0/33                       notconnect   1            auto   auto 10/100BaseTX
Fa0/34                       notconnect   1            auto   auto 10/100BaseTX
Fa0/35                       notconnect   1            auto   auto 10/100BaseTX
Fa0/36                       notconnect   1            auto   auto 10/100BaseTX
Fa0/37                       notconnect   1            auto   auto 10/100BaseTX
Fa0/38                       notconnect   1            auto   auto 10/100BaseTX
Fa0/39                       notconnect   1            auto   auto 10/100BaseTX
Fa0/40                       notconnect   1            auto   auto 10/100BaseTX
Fa0/41                       notconnect   1            auto   auto 10/100BaseTX
Fa0/42                       notconnect   1            auto   auto 10/100BaseTX
Fa0/43                       notconnect   1            auto   auto 10/100BaseTX
Fa0/44                       notconnect   1            auto   auto 10/100BaseTX
Fa0/45                       notconnect   1            auto   auto 10/100BaseTX
Fa0/46                       notconnect   1            auto   auto 10/100BaseTX
Fa0/47                       notconnect   1            auto   auto 10/100BaseTX
Fa0/48                       notconnect   1            auto   auto 10/100BaseTX
Gi0/1                        notconnect   1            auto   auto Not Present
Gi0/2                        notconnect   1            auto   auto Not Present
Gi0/3                        notconnect   1            auto   auto Not Present
Gi0/4                        notconnect   1            auto   auto Not Present
Switch#show vlan brief

VLAN Name                             Status    Ports
---- -------------------------------- --------- -------------------------------
1    default                          active    Fa0/1, Fa0/2, Fa0/3, Fa0/4
                                                Fa0/5, Fa0/6, Fa0/7, Fa0/8
                                                Fa0/9, Fa0/10, Fa0/11, Fa0/12
                                                Fa0/13, Fa0/14, Fa0/15, Fa0/16
                                                Fa0/17, Fa0/18, Fa0/19, Fa0/20
                                                Fa0/21, Fa0/22, Fa0/23, Fa0/24
                                                Fa0/25, Fa0/26, Fa0/27, Fa0/28
                                                Fa0/29, Fa0/30, Fa0/31, Fa0/32
                                                Fa0/33, Fa0/34, Fa0/35, Fa0/36
                                                Fa0/37, Fa0/38, Fa0/39, Fa0/40
                                                Fa0/41, Fa0/42, Fa0/43, Fa0/44
                                                Fa0/45, Fa0/46, Fa0/47, Fa0/48
                                                Gi0/1, Gi0/2, Gi0/3, Gi0/4
1002 fddi-default                     act/unsup 
1003 token-ring-default               act/unsup 
1004 fddinet-default                  act/unsup 
1005 trnet-default                    act/unsup 
Switch#show mac address-table
          Mac Address Table
-------------------------------------------

Vlan    Mac Address       Type        Ports
----    -----------       --------    -----
 All    0100.0ccc.cccc    STATIC      CPU
 All    0100.0ccc.cccd    STATIC      CPU
 All    0180.c200.0000    STATIC      CPU
 All    0180.c200.0001    STATIC      CPU
 All    0180.c200.0002    STATIC      CPU
 All    0180.c200.0003    STATIC      CPU
 All    0180.c200.0004    STATIC      CPU
 All    0180.c200.0005    STATIC      CPU
 All    0180.c200.0006    STATIC      CPU
 All    0180.c200.0007    STATIC      CPU
 All    0180.c200.0008    STATIC      CPU
 All    0180.c200.0009    STATIC      CPU
 All    0180.c200.000a    STATIC      CPU
 All    0180.c200.000b    STATIC      CPU
 All    0180.c200.000c    STATIC      CPU
 All    0180.c200.000d    STATIC      CPU
 All    0180.c200.000e    STATIC      CPU
 All    0180.c200.000f    STATIC      CPU
 All    0180.c200.0010    STATIC      CPU
 All    ffff.ffff.ffff    STATIC      CPU
Total Mac Addresses for this criterion: 20
Switch#